[1] "Number of fasta files = 81"
sh: blastp: command not found
[1] 127
sh: blastp: command not found
[1] 127
sh: blastp: command not found
[1] 127
sh: blastp: command not found
[1] 127
sh: blastp: command not found
[1] 127
sh: blastp: command not found
[1] 127
sh: blastp: command not found
[1] 127
sh: blastp: command not found
[1] 127
sh: blastp: command not found
[1] 127
sh: blastp: command not found
[1] 127
sh: blastp: command not found
[1] 127
sh: blastp: command not found
[1] 127
sh: blastp: command not found
[1] 127
sh: blastp: command not found
[1] 127
sh: blastp: command not found
[1] 127
sh: blastp: command not found
[1] 127
sh: blastp: command not found
[1] 127
sh: blastp: command not found
[1] 127
sh: blastp: command not found
[1] 127
sh: blastp: command not found
[1] 127
sh: blastp: command not found
[1] 127
sh: blastp: command not found
[1] 127
sh: blastp: command not found
[1] 127
sh: blastp: command not found
[1] 127
sh: blastp: command not found
[1] 127
sh: blastp: command not found
[1] 127
sh: blastp: command not found
[1] 127
sh: blastp: command not found
[1] 127
sh: blastp: command not found
[1] 127
sh: blastp: command not found
[1] 127
sh: blastp: command not found
[1] 127
sh: blastp: command not found
[1] 127
sh: blastp: command not found
[1] 127
sh: blastp: command not found
[1] 127
sh: blastp: command not found
[1] 127
sh: blastp: command not found
[1] 127
sh: blastp: command not found
[1] 127
sh: blastp: command not found
[1] 127
sh: blastp: command not found
[1] 127
sh: blastp: command not found
[1] 127
sh: blastp: command not found
[1] 127
sh: blastp: command not found
[1] 127
sh: blastp: command not found
[1] 127
sh: blastp: command not found
[1] 127
sh: blastp: command not found
[1] 127
sh: blastp: command not found
[1] 127
sh: blastp: command not found
[1] 127
sh: blastp: command not found
[1] 127
sh: blastp: command not found
[1] 127
sh: blastp: command not found
[1] 127
sh: blastp: command not found
[1] 127
sh: blastp: command not found
[1] 127
sh: blastp: command not found
[1] 127
sh: blastp: command not found
[1] 127
sh: blastp: command not found
[1] 127
sh: blastp: command not found
[1] 127
sh: blastp: command not found
[1] 127
sh: blastp: command not found
[1] 127
sh: blastp: command not found
[1] 127
sh: blastp: command not found
[1] 127
sh: blastp: command not found
[1] 127
sh: blastp: command not found
[1] 127
sh: blastp: command not found
[1] 127
sh: blastp: command not found
[1] 127
sh: blastp: command not found
[1] 127
sh: blastp: command not found
[1] 127
sh: blastp: command not found
[1] 127
sh: blastp: command not found
[1] 127
sh: blastp: command not found
[1] 127
sh: blastp: command not found
[1] 127
sh: blastp: command not found
[1] 127
sh: blastp: command not found
[1] 127
sh: blastp: command not found
[1] 127
sh: blastp: command not found
[1] 127
sh: blastp: command not found
[1] 127
sh: blastp: command not found
[1] 127
sh: blastp: command not found
[1] 127
sh: blastp: command not found
[1] 127
sh: blastp: command not found
[1] 127
sh: blastp: command not found
[1] 127
sh: blastp: command not found
[1] 127
[1] "Number of fasta files = 81"
[1] 0
[1] 0
[1] 0
[1] 0
[1] 0
[1] 0
[1] 0
[1] 0
[1] 0
[1] 0
[1] 0
[1] 0
[1] 0
[1] 0
[1] 0
[1] 0
[1] 0
[1] 0
[1] 0
[1] 0
[1] 0
[1] 0
[1] 0
[1] 0
[1] 0
[1] 0
[1] 0
[1] 0
[1] 0
[1] 0
[1] 0
[1] 0
[1] 0
[1] 0
[1] 0
[1] 0
[1] 0
[1] 0
[1] 0
[1] 0
[1] 0
[1] 0
[1] 0
[1] 0
[1] 0
[1] 0
[1] 0
[1] 0
[1] 0
[1] 0
[1] 0
Error: (311.26) SOCK#15000[6]@130.14.29.110:80: [SOCK::Connect]  Failed pending connect(): Timeout[30.000000]
Error: (303.7) [URL_Connect; http//www.ncbi.nlm.nih.gov:80/Service/dispd.cgi?service=blast4&address=plp-lyerlab1.dhe.duke.edu&platform=x86_64-unknown-linux-gnu]  Failed to connect: Timeout[30.000000]
[1] 0
Error: Error: internal_error: (Severe Error) Blast search error: Details: search failed. # Informational Message: [blastsrv4.REAL]: Error: CPU usage limit was exceeded, resulting in SIGXCPU (24).  
[1] 0
Error: Error: internal_error: (Severe Error) Blast search error: Details: search failed. # Informational Message: [blastsrv4.REAL]: Error: CPU usage limit was exceeded, resulting in SIGXCPU (24).  
[1] 0
[1] 0
[1] 0
[1] 0
[1] 0
[1] 0
[1] 0
[1] 0
[1] 0
[1] 0
[1] 0
[1] 0
[1] 0
[1] 0
[1] 0
[1] 0
[1] 0
[1] 0
[1] 0
[1] 0
[1] 0
[1] 0
[1] 0
[1] 0
[1] 0
[1] 0
[1] 0
[1] 0
